1535100919.549483 client started (49096): version 2.7, socket /tmp//tmux-501/default, protocol 8
1535100919.549540 on Darwin 17.7.0 Darwin Kernel Version 17.7.0: Thu Jun 21 22:53:14 PDT 2018; root:xnu-4570.71.2~1/RELEASE_X86_64; libevent 2.1.8-stable (select)
1535100919.549584 socket is /tmp//tmux-501/default
1535100919.549607 trying connect
1535100919.549725 add peer 0x7f8408049c00: 6 (0x0)
1535100919.551146 sending message 100 to peer 0x7f8408049c00 (4 bytes)
1535100919.551164 sending message 101 to peer 0x7f8408049c00 (15 bytes)
1535100919.551174 sending message 102 to peer 0x7f8408049c00 (13 bytes)
1535100919.551182 sending message 108 to peer 0x7f8408049c00 (63 bytes)
1535100919.551198 sending message 104 to peer 0x7f8408049c00 (0 bytes)
1535100919.551206 sending message 107 to peer 0x7f8408049c00 (4 bytes)
1535100919.551214 sending message 105 to peer 0x7f8408049c00 (20 bytes)
1535100919.551221 sending message 105 to peer 0x7f8408049c00 (56 bytes)
1535100919.551228 sending message 105 to peer 0x7f8408049c00 (59 bytes)
1535100919.551236 sending message 105 to peer 0x7f8408049c00 (19 bytes)
1535100919.551243 sending message 105 to peer 0x7f8408049c00 (26 bytes)
1535100919.551251 sending message 105 to peer 0x7f8408049c00 (565 bytes)
1535100919.551258 sending message 105 to peer 0x7f8408049c00 (65 bytes)
1535100919.551266 sending message 105 to peer 0x7f8408049c00 (58 bytes)
1535100919.551273 sending message 105 to peer 0x7f8408049c00 (66 bytes)
1535100919.551280 sending message 105 to peer 0x7f8408049c00 (55 bytes)
1535100919.551287 sending message 105 to peer 0x7f8408049c00 (94 bytes)
1535100919.551295 sending message 105 to peer 0x7f8408049c00 (17 bytes)
1535100919.551302 sending message 105 to peer 0x7f8408049c00 (14 bytes)
1535100919.551309 sending message 105 to peer 0x7f8408049c00 (33 bytes)
1535100919.551317 sending message 105 to peer 0x7f8408049c00 (70 bytes)
1535100919.551324 sending message 105 to peer 0x7f8408049c00 (50 bytes)
1535100919.551331 sending message 105 to peer 0x7f8408049c00 (66 bytes)
1535100919.551339 sending message 105 to peer 0x7f8408049c00 (65 bytes)
1535100919.551346 sending message 105 to peer 0x7f8408049c00 (60 bytes)
1535100919.551353 sending message 105 to peer 0x7f8408049c00 (22 bytes)
1535100919.551360 sending message 105 to peer 0x7f8408049c00 (67 bytes)
1535100919.551368 sending message 105 to peer 0x7f8408049c00 (10 bytes)
1535100919.551375 sending message 105 to peer 0x7f8408049c00 (58 bytes)
1535100919.551382 sending message 105 to peer 0x7f8408049c00 (63 bytes)
1535100919.551390 sending message 105 to peer 0x7f8408049c00 (103 bytes)
1535100919.551397 sending message 105 to peer 0x7f8408049c00 (20 bytes)
1535100919.551404 sending message 105 to peer 0x7f8408049c00 (14 bytes)
1535100919.551412 sending message 105 to peer 0x7f8408049c00 (49 bytes)
1535100919.551419 sending message 105 to peer 0x7f8408049c00 (53 bytes)
1535100919.551426 sending message 105 to peer 0x7f8408049c00 (62 bytes)
1535100919.551434 sending message 105 to peer 0x7f8408049c00 (38 bytes)
1535100919.551441 sending message 105 to peer 0x7f8408049c00 (50 bytes)
1535100919.551448 sending message 105 to peer 0x7f8408049c00 (61 bytes)
1535100919.551456 sending message 105 to peer 0x7f8408049c00 (67 bytes)
1535100919.551463 sending message 105 to peer 0x7f8408049c00 (67 bytes)
1535100919.551470 sending message 105 to peer 0x7f8408049c00 (68 bytes)
1535100919.551477 sending message 105 to peer 0x7f8408049c00 (66 bytes)
1535100919.551485 sending message 105 to peer 0x7f8408049c00 (67 bytes)
1535100919.551492 sending message 105 to peer 0x7f8408049c00 (58 bytes)
1535100919.551499 sending message 105 to peer 0x7f8408049c00 (53 bytes)
1535100919.551507 sending message 105 to peer 0x7f8408049c00 (61 bytes)
1535100919.551514 sending message 105 to peer 0x7f8408049c00 (66 bytes)
1535100919.551521 sending message 105 to peer 0x7f8408049c00 (77 bytes)
1535100919.551529 sending message 105 to peer 0x7f8408049c00 (44 bytes)
1535100919.551536 sending message 105 to peer 0x7f8408049c00 (11 bytes)
1535100919.551543 sending message 105 to peer 0x7f8408049c00 (50 bytes)
1535100919.551566 sending message 105 to peer 0x7f8408049c00 (32 bytes)
1535100919.551574 sending message 105 to peer 0x7f8408049c00 (56 bytes)
1535100919.551581 sending message 105 to peer 0x7f8408049c00 (17 bytes)
1535100919.551589 sending message 105 to peer 0x7f8408049c00 (60 bytes)
1535100919.551596 sending message 105 to peer 0x7f8408049c00 (95 bytes)
1535100919.551603 sending message 105 to peer 0x7f8408049c00 (67 bytes)
1535100919.551611 sending message 105 to peer 0x7f8408049c00 (64 bytes)
1535100919.551618 sending message 105 to peer 0x7f8408049c00 (67 bytes)
1535100919.551626 sending message 105 to peer 0x7f8408049c00 (18 bytes)
1535100919.551633 sending message 105 to peer 0x7f8408049c00 (23 bytes)
1535100919.551640 sending message 105 to peer 0x7f8408049c00 (72 bytes)
1535100919.551648 sending message 105 to peer 0x7f8408049c00 (11 bytes)
1535100919.551655 sending message 105 to peer 0x7f8408049c00 (27 bytes)
1535100919.551662 sending message 105 to peer 0x7f8408049c00 (67 bytes)
1535100919.551670 sending message 105 to peer 0x7f8408049c00 (35 bytes)
1535100919.551677 sending message 105 to peer 0x7f8408049c00 (31 bytes)
1535100919.551684 sending message 105 to peer 0x7f8408049c00 (36 bytes)
1535100919.551692 sending message 105 to peer 0x7f8408049c00 (76 bytes)
1535100919.551699 sending message 105 to peer 0x7f8408049c00 (64 bytes)
1535100919.551707 sending message 105 to peer 0x7f8408049c00 (20 bytes)
1535100919.551714 sending message 105 to peer 0x7f8408049c00 (24 bytes)
1535100919.551721 sending message 105 to peer 0x7f8408049c00 (65 bytes)
1535100919.551729 sending message 105 to peer 0x7f8408049c00 (54 bytes)
1535100919.551736 sending message 105 to peer 0x7f8408049c00 (83 bytes)
1535100919.551743 sending message 105 to peer 0x7f8408049c00 (67 bytes)
1535100919.551751 sending message 105 to peer 0x7f8408049c00 (63 bytes)
1535100919.551758 sending message 105 to peer 0x7f8408049c00 (57 bytes)
1535100919.551765 sending message 105 to peer 0x7f8408049c00 (53 bytes)
1535100919.551773 sending message 105 to peer 0x7f8408049c00 (50 bytes)
1535100919.551780 sending message 105 to peer 0x7f8408049c00 (63 bytes)
1535100919.551787 sending message 105 to peer 0x7f8408049c00 (58 bytes)
1535100919.551795 sending message 105 to peer 0x7f8408049c00 (53 bytes)
1535100919.551802 sending message 105 to peer 0x7f8408049c00 (65 bytes)
1535100919.551809 sending message 105 to peer 0x7f8408049c00 (54 bytes)
1535100919.551817 sending message 105 to peer 0x7f8408049c00 (19 bytes)
1535100919.551824 sending message 105 to peer 0x7f8408049c00 (64 bytes)
1535100919.551831 sending message 105 to peer 0x7f8408049c00 (26 bytes)
1535100919.551839 sending message 105 to peer 0x7f8408049c00 (62 bytes)
1535100919.551846 sending message 105 to peer 0x7f8408049c00 (51 bytes)
1535100919.551853 sending message 105 to peer 0x7f8408049c00 (24 bytes)
1535100919.551861 sending message 105 to peer 0x7f8408049c00 (69 bytes)
1535100919.551868 sending message 105 to peer 0x7f8408049c00 (67 bytes)
1535100919.551875 sending message 105 to peer 0x7f8408049c00 (79 bytes)
1535100919.551882 sending message 105 to peer 0x7f8408049c00 (13 bytes)
1535100919.551890 sending message 105 to peer 0x7f8408049c00 (8 bytes)
1535100919.551897 sending message 105 to peer 0x7f8408049c00 (15 bytes)
1535100919.551904 sending message 105 to peer 0x7f8408049c00 (50 bytes)
1535100919.551912 sending message 105 to peer 0x7f8408049c00 (53 bytes)
1535100919.551919 sending message 105 to peer 0x7f8408049c00 (63 bytes)
1535100919.551926 sending message 105 to peer 0x7f8408049c00 (56 bytes)
1535100919.551934 sending message 105 to peer 0x7f8408049c00 (14 bytes)
1535100919.551941 sending message 105 to peer 0x7f8408049c00 (67 bytes)
1535100919.551948 sending message 105 to peer 0x7f8408049c00 (81 bytes)
1535100919.551956 sending message 105 to peer 0x7f8408049c00 (464 bytes)
1535100919.551963 sending message 105 to peer 0x7f8408049c00 (53 bytes)
1535100919.551970 sending message 105 to peer 0x7f8408049c00 (63 bytes)
1535100919.551978 sending message 105 to peer 0x7f8408049c00 (63 bytes)
1535100919.551998 sending message 105 to peer 0x7f8408049c00 (65 bytes)
1535100919.552006 sending message 105 to peer 0x7f8408049c00 (63 bytes)
1535100919.552013 sending message 105 to peer 0x7f8408049c00 (16 bytes)
1535100919.552020 sending message 105 to peer 0x7f8408049c00 (69 bytes)
1535100919.552027 sending message 105 to peer 0x7f8408049c00 (20 bytes)
1535100919.552035 sending message 105 to peer 0x7f8408049c00 (63 bytes)
1535100919.552042 sending message 105 to peer 0x7f8408049c00 (63 bytes)
1535100919.552049 sending message 105 to peer 0x7f8408049c00 (67 bytes)
1535100919.552056 sending message 105 to peer 0x7f8408049c00 (53 bytes)
1535100919.552063 sending message 105 to peer 0x7f8408049c00 (59 bytes)
1535100919.552071 sending message 105 to peer 0x7f8408049c00 (22 bytes)
1535100919.552078 sending message 106 to peer 0x7f8408049c00 (0 bytes)
1535100919.552089 sending message 200 to peer 0x7f8408049c00 (4 bytes)
1535100919.552097 client loop enter
1535100919.552503 peer 0x7f8408049c00 message 211
1535100919.552524 client_write: sessions should be nested with care, unset $TMUX to force\n
1535100919.552548 peer 0x7f8408049c00 message 203
1535100919.552560 client loop exit
